0 silly argv {
0 silly argv   _: [ 'version' ],
0 silly argv   m: 'Release %v',
0 silly argv   message: 'Release %v',
0 silly argv   'tag-version-prefix': 'v',
0 silly argv   tagVersionPrefix: 'v',
0 silly argv   yes: true,
0 silly argv   y: true,
0 silly argv   lernaVersion: '3.19.0',
0 silly argv   '$0': '/Users/john/Development/release-test/node_modules/.bin/lerna',
0 silly argv   bump: '1.1.11'
0 silly argv }
1 notice cli v3.19.0
2 verbose rootPath /Users/john/Development/release-test
3 info current version 1.1.8
4 silly isAnythingCommitted
5 verbose isAnythingCommitted 1
6 silly currentBranch
7 verbose currentBranch master
8 silly remoteBranchExists
9 silly isBehindUpstream
10 silly isBehindUpstream master is behind origin/master by 0 commit(s) and ahead by 0
11 silly hasTags
12 verbose hasTags true
13 silly git-describe.sync "v1.1.8-4-g45f55f6" => {"lastTagName":"v1.1.8","lastVersion":"v1.1.8","refCount":"4","sha":"45f55f6","isDirty":false}
14 info Looking for changed packages since v1.1.8
15 silly checking diff sub1
16 silly found diff in sub1/README.md
17 verbose filtered diff [ 'sub1/README.md' ]
18 verbose updated sub1
19 verbose git-describe undefined => "v1.1.8-4-g45f55f6"
20 silly git-describe parsed => {"lastTagName":"v1.1.8","lastVersion":"v1.1.8","refCount":"4","sha":"45f55f6","isDirty":false}
21 info auto-confirmed
22 info execute Skipping releases
23 silly lifecycle No script for "preversion" in "release-test", continuing
24 silly lifecycle No script for "preversion" in "sub1", continuing
25 silly lifecycle No script for "version" in "sub1", continuing
26 silly lifecycle No script for "version" in "release-test", continuing
27 silly gitAdd [
27 silly gitAdd   '/Users/john/Development/release-test/sub1/package.json',
27 silly gitAdd   '/Users/john/Development/release-test/lerna.json'
27 silly gitAdd ]
28 silly gitCommit Release 1.1.11
29 verbose git [ 'commit', '-m', 'Release 1.1.11' ]
30 silly gitTag v1.1.11
31 verbose git [ 'tag', 'v1.1.11', '-m', 'v1.1.11' ]
32 error Error: Command failed: git tag v1.1.11 -m v1.1.11
32 error fatal: tag 'v1.1.11' already exists
32 error
32 error     at makeError (/Users/john/Development/release-test/node_modules/execa/index.js:174:9)
32 error     at /Users/john/Development/release-test/node_modules/execa/index.js:278:16
